2025-08-03 21:54:33 [[32minfo[39m] Started Your Application on Port 8080
2025-08-03 21:54:35 [[34mdebug[39m] Database connected successfully!
2025-08-07 10:28:04 [[32minfo[39m] Started Your Application on Port 8080
2025-08-07 10:28:34 [[34mdebug[39m] Error connecting to MongoDB (Attempt 1): MongooseServerSelectionError: getaddrinfo ENOTFOUND ac-bmchkz1-shard-00-02.6nfhisz.mongodb.net
2025-08-07 10:29:06 [[34mdebug[39m] Error connecting to MongoDB (Attempt 2): MongooseServerSelectionError: getaddrinfo ENOTFOUND ac-bmchkz1-shard-00-02.6nfhisz.mongodb.net
2025-08-07 10:29:30 [[34mdebug[39m] Database connected successfully!
2025-08-07 10:30:22 [[31merror[39m] Attempt 1: Error in sending email - Error: connect EHOSTUNREACH 2404:6800:4003:c05::6d:465 - Local (:::64697)
2025-08-07 10:30:22 [[32minfo[39m] Retrying... Attempt 2 in 2s
2025-08-07 10:30:24 [[31merror[39m] Attempt 2: Error in sending email - Error: connect EHOSTUNREACH 2404:6800:4003:c05::6d:465 - Local (:::64698)
2025-08-07 10:30:24 [[32minfo[39m] Retrying... Attempt 3 in 2s
2025-08-07 10:30:26 [[31merror[39m] Attempt 3: Error in sending email - Error: connect EHOSTUNREACH 2404:6800:4003:c05::6d:465 - Local (:::64699)
2025-08-07 10:30:26 [[31merror[39m] Max retry attempts reached. Could not send email.
2025-08-07 10:35:29 [[32minfo[39m] Mail sent successfully: 250 2.0.0 OK  1754543129 98e67ed59e1d1-32161282968sm4441578a91.25 - gsmtp
2025-08-07 10:39:36 [[32minfo[39m] Started Your Application on Port 8080
2025-08-07 10:39:37 [[34mdebug[39m] Database connected successfully!
2025-08-07 10:42:14 [[32minfo[39m] Started Your Application on Port 8080
2025-08-07 10:42:14 [[34mdebug[39m] Database connected successfully!
2025-08-07 10:42:23 [[32minfo[39m] Started Your Application on Port 8080
2025-08-07 10:42:24 [[34mdebug[39m] Database connected successfully!
2025-08-07 10:42:27 [[32minfo[39m] Started Your Application on Port 8080
2025-08-07 10:42:27 [[34mdebug[39m] Database connected successfully!
2025-08-07 10:42:32 [[32minfo[39m] Started Your Application on Port 8080
2025-08-07 10:42:32 [[34mdebug[39m] Database connected successfully!
2025-08-07 10:42:38 [[32minfo[39m] Started Your Application on Port 8080
2025-08-07 10:42:38 [[34mdebug[39m] Database connected successfully!
2025-08-07 10:42:42 [[32minfo[39m] Started Your Application on Port 8080
2025-08-07 10:42:42 [[32minfo[39m] Started Your Application on Port 8080
2025-08-07 10:42:42 [[34mdebug[39m] Database connected successfully!
2025-08-07 10:42:42 [[34mdebug[39m] Database connected successfully!
2025-08-07 11:20:23 [[32minfo[39m] Started Your Application on Port 8080
2025-08-07 11:20:24 [[32minfo[39m] Started Your Application on Port 8080
2025-08-07 11:20:25 [[34mdebug[39m] Database connected successfully!
2025-08-07 11:20:29 [[32minfo[39m] Started Your Application on Port 8080
2025-08-07 11:20:31 [[34mdebug[39m] Database connected successfully!
2025-08-07 11:39:41 [[32minfo[39m] Mail sent successfully: 250 2.0.0 OK  1754546981 d9443c01a7336-241e8aaafefsm176779485ad.160 - gsmtp
2025-08-07 12:21:26 [[32minfo[39m] Started Your Application on Port 8080
2025-08-07 12:21:27 [[34mdebug[39m] Database connected successfully!
2025-08-07 13:04:02 [[32minfo[39m] Started Your Application on Port 8080
2025-08-07 13:04:15 [[34mdebug[39m] Database connected successfully!
2025-08-07 13:04:21 [[32minfo[39m] Mail sent successfully: 250 2.0.0 OK  1754552061 41be03b00d2f7-b4285a15c26sm3173234a12.16 - gsmtp
2025-08-07 15:08:39 [[32minfo[39m] Started Your Application on Port 8080
2025-08-07 15:08:39 [[34mdebug[39m] Database connected successfully!
2025-08-07 15:14:16 [[32minfo[39m] Started Your Application on Port 8080
2025-08-07 15:14:27 [[34mdebug[39m] Error connecting to MongoDB (Attempt 1): Error: querySrv ENOTFOUND _mongodb._tcp.pehchankaro.6nfhisz.mongodb.net
2025-08-07 15:14:30 [[34mdebug[39m] Error connecting to MongoDB (Attempt 2): Error: querySrv ENOTFOUND _mongodb._tcp.pehchankaro.6nfhisz.mongodb.net
2025-08-07 15:14:32 [[34mdebug[39m] Database connected successfully!
2025-08-07 16:13:04 [[32minfo[39m] Started Your Application on Port 8080
2025-08-07 16:13:05 [[34mdebug[39m] Database connected successfully!
2025-08-07 16:13:49 [[32minfo[39m] Started Your Application on Port 8080
2025-08-07 16:13:50 [[34mdebug[39m] Database connected successfully!
2025-08-08 10:59:16 [[32minfo[39m] Started Your Application on Port 8080
2025-08-08 10:59:27 [[34mdebug[39m] Error connecting to MongoDB (Attempt 1): Error: querySrv ENOTFOUND _mongodb._tcp.pehchankaro.6nfhisz.mongodb.net
2025-08-08 10:59:29 [[34mdebug[39m] Error connecting to MongoDB (Attempt 2): Error: querySrv ENOTFOUND _mongodb._tcp.pehchankaro.6nfhisz.mongodb.net
2025-08-08 10:59:32 [[34mdebug[39m] Database connected successfully!
2025-08-08 11:08:39 [[32minfo[39m] Started Your Application on Port 8080
2025-08-08 11:08:40 [[34mdebug[39m] Database connected successfully!
2025-08-08 11:09:19 [[32minfo[39m] Started Your Application on Port 8080
2025-08-08 11:09:19 [[34mdebug[39m] Database connected successfully!
2025-08-08 11:12:50 [[32minfo[39m] Started Your Application on Port 8080
2025-08-08 11:12:51 [[34mdebug[39m] Database connected successfully!
2025-08-08 11:12:52 [[32minfo[39m] Started Your Application on Port 8080
2025-08-08 11:12:52 [[34mdebug[39m] Database connected successfully!
2025-08-08 11:17:11 [[32minfo[39m] Started Your Application on Port 8080
2025-08-08 11:17:13 [[34mdebug[39m] Database connected successfully!
2025-08-08 11:32:37 [[32minfo[39m] Started Your Application on Port 8080
2025-08-08 11:32:48 [[34mdebug[39m] Error connecting to MongoDB (Attempt 1): Error: querySrv ENOTFOUND _mongodb._tcp.pehchankaro.6nfhisz.mongodb.net
2025-08-08 11:32:51 [[34mdebug[39m] Database connected successfully!
2025-08-08 11:32:54 [[32minfo[39m] Started Your Application on Port 8080
2025-08-08 11:32:55 [[34mdebug[39m] Database connected successfully!
2025-08-08 11:33:20 [[32minfo[39m] Started Your Application on Port 8080
2025-08-08 11:33:21 [[34mdebug[39m] Database connected successfully!
2025-08-08 11:33:49 [[32minfo[39m] Started Your Application on Port 8080
2025-08-08 11:33:50 [[34mdebug[39m] Database connected successfully!
2025-08-08 11:34:39 [[32minfo[39m] Started Your Application on Port 8080
2025-08-08 11:34:40 [[34mdebug[39m] Database connected successfully!
2025-08-08 11:34:54 [[32minfo[39m] Started Your Application on Port 8080
2025-08-08 11:34:54 [[34mdebug[39m] Database connected successfully!
2025-08-08 11:35:01 [[32minfo[39m] Started Your Application on Port 8080
2025-08-08 11:35:01 [[34mdebug[39m] Database connected successfully!
2025-08-08 11:35:07 [[32minfo[39m] Started Your Application on Port 8080
2025-08-08 11:35:07 [[34mdebug[39m] Database connected successfully!
2025-08-08 11:35:37 [[32minfo[39m] Started Your Application on Port 8080
2025-08-08 11:35:37 [[34mdebug[39m] Database connected successfully!
2025-08-08 11:57:19 [[32minfo[39m] Started Your Application on Port 8080
2025-08-08 11:57:19 [[34mdebug[39m] Database connected successfully!
2025-08-08 12:00:59 [[32minfo[39m] Started Your Application on Port 8080
2025-08-08 12:01:11 [[34mdebug[39m] Error connecting to MongoDB (Attempt 1): Error: querySrv ENOTFOUND _mongodb._tcp.pehchankaro.6nfhisz.mongodb.net
2025-08-08 12:01:13 [[34mdebug[39m] Error connecting to MongoDB (Attempt 2): Error: querySrv ENOTFOUND _mongodb._tcp.pehchankaro.6nfhisz.mongodb.net
2025-08-08 12:01:16 [[34mdebug[39m] Database connected successfully!
2025-08-08 13:21:28 [[32minfo[39m] Started Your Application on Port 8080
2025-08-08 13:21:30 [[34mdebug[39m] Database connected successfully!
2025-08-09 00:07:43 [[32minfo[39m] Started Your Application on Port 8080
2025-08-09 00:07:44 [[34mdebug[39m] Database connected successfully!
2025-08-09 01:06:26 [[32minfo[39m] Started Your Application on Port 8080
2025-08-09 01:06:28 [[34mdebug[39m] Database connected successfully!
2025-08-09 01:12:16 [[32minfo[39m] Started Your Application on Port 8080
2025-08-09 01:12:17 [[34mdebug[39m] Database connected successfully!
2025-08-09 18:13:57 [[32minfo[39m] Started Your Application on Port 8080
2025-08-09 18:13:57 [[34mdebug[39m] Error connecting to MongoDB (Attempt 1): Error: querySrv ECONNREFUSED _mongodb._tcp.pehchankaro.6nfhisz.mongodb.net
2025-08-09 18:13:59 [[34mdebug[39m] Error connecting to MongoDB (Attempt 2): Error: querySrv ECONNREFUSED _mongodb._tcp.pehchankaro.6nfhisz.mongodb.net
2025-08-09 18:14:01 [[34mdebug[39m] Error connecting to MongoDB (Attempt 3): Error: querySrv ECONNREFUSED _mongodb._tcp.pehchankaro.6nfhisz.mongodb.net
2025-08-09 18:14:03 [[34mdebug[39m] Error connecting to MongoDB (Attempt 4): Error: querySrv ECONNREFUSED _mongodb._tcp.pehchankaro.6nfhisz.mongodb.net
2025-08-09 18:14:05 [[34mdebug[39m] Error connecting to MongoDB (Attempt 5): Error: querySrv ECONNREFUSED _mongodb._tcp.pehchankaro.6nfhisz.mongodb.net
2025-08-09 18:46:16 [[32minfo[39m] Started Your Application on Port 8080
2025-08-09 18:46:21 [[34mdebug[39m] Database connected successfully!
2025-08-09 18:49:28 [[32minfo[39m] Started Your Application on Port 8080
2025-08-09 18:49:31 [[34mdebug[39m] Database connected successfully!
2025-08-09 20:36:52 [[32minfo[39m] Started Your Application on Port 8080
2025-08-09 20:36:53 [[34mdebug[39m] Database connected successfully!
2025-08-09 20:37:18 [[32minfo[39m] Started Your Application on Port 8080
2025-08-09 20:37:20 [[34mdebug[39m] Database connected successfully!
2025-08-09 20:37:53 [[32minfo[39m] Started Your Application on Port 8080
2025-08-09 20:37:54 [[34mdebug[39m] Database connected successfully!
2025-08-09 20:38:22 [[32minfo[39m] Started Your Application on Port 8080
2025-08-09 20:38:23 [[34mdebug[39m] Database connected successfully!
2025-08-09 20:39:18 [[32minfo[39m] Started Your Application on Port 8080
2025-08-09 20:39:19 [[34mdebug[39m] Database connected successfully!
2025-08-09 20:39:55 [[32minfo[39m] Started Your Application on Port 8080
2025-08-09 20:39:56 [[34mdebug[39m] Database connected successfully!
2025-08-09 20:39:59 [[32minfo[39m] Started Your Application on Port 8080
2025-08-09 20:40:00 [[34mdebug[39m] Database connected successfully!
2025-08-09 20:40:06 [[32minfo[39m] Started Your Application on Port 8080
2025-08-09 20:40:07 [[34mdebug[39m] Database connected successfully!
2025-08-09 20:45:48 [[32minfo[39m] Started Your Application on Port 8080
2025-08-09 20:45:49 [[34mdebug[39m] Database connected successfully!
2025-08-09 20:47:11 [[32minfo[39m] Started Your Application on Port 8080
2025-08-09 20:47:12 [[34mdebug[39m] Database connected successfully!
2025-08-09 20:48:35 [[32minfo[39m] Started Your Application on Port 8080
2025-08-09 20:48:36 [[34mdebug[39m] Database connected successfully!
2025-08-09 20:48:58 [[32minfo[39m] Started Your Application on Port 8080
2025-08-09 20:48:59 [[34mdebug[39m] Database connected successfully!
2025-08-09 20:49:05 [[32minfo[39m] Started Your Application on Port 8080
2025-08-09 20:49:05 [[34mdebug[39m] Database connected successfully!
2025-08-09 20:49:20 [[32minfo[39m] Started Your Application on Port 8080
2025-08-09 20:49:21 [[34mdebug[39m] Database connected successfully!
2025-08-09 20:49:41 [[32minfo[39m] Started Your Application on Port 8080
2025-08-09 20:49:43 [[34mdebug[39m] Database connected successfully!
2025-08-09 20:51:00 [[32minfo[39m] Started Your Application on Port 8080
2025-08-09 20:51:01 [[34mdebug[39m] Database connected successfully!
2025-08-09 20:51:16 [[32minfo[39m] Started Your Application on Port 8080
2025-08-09 20:51:17 [[34mdebug[39m] Database connected successfully!
2025-08-09 20:57:53 [[32minfo[39m] Started Your Application on Port 8080
2025-08-09 20:57:54 [[34mdebug[39m] Database connected successfully!
2025-08-09 20:59:59 [[32minfo[39m] Started Your Application on Port 8080
2025-08-09 21:00:00 [[34mdebug[39m] Database connected successfully!
2025-08-09 21:01:02 [[32minfo[39m] Started Your Application on Port 8080
2025-08-09 21:01:04 [[34mdebug[39m] Database connected successfully!
2025-08-09 21:01:33 [[32minfo[39m] Started Your Application on Port 8080
2025-08-09 21:01:33 [[34mdebug[39m] Database connected successfully!
2025-08-09 21:03:50 [[32minfo[39m] Started Your Application on Port 8080
2025-08-09 21:03:51 [[34mdebug[39m] Database connected successfully!
2025-08-09 21:23:50 [[32minfo[39m] Started Your Application on Port 8080
2025-08-09 21:23:51 [[34mdebug[39m] Database connected successfully!
2025-08-09 21:24:09 [[32minfo[39m] Started Your Application on Port 8080
2025-08-09 21:24:10 [[34mdebug[39m] Database connected successfully!
2025-08-09 21:25:43 [[32minfo[39m] Started Your Application on Port 8080
2025-08-09 21:25:44 [[34mdebug[39m] Database connected successfully!
2025-08-09 21:26:12 [[32minfo[39m] Started Your Application on Port 8080
2025-08-09 21:26:13 [[34mdebug[39m] Database connected successfully!
2025-08-09 22:46:00 [[32minfo[39m] Started Your Application on Port 8080
2025-08-09 22:46:00 [[34mdebug[39m] Database connected successfully!
2025-08-09 22:49:58 [[32minfo[39m] Started Your Application on Port 8080
2025-08-09 22:50:02 [[34mdebug[39m] Database connected successfully!
2025-08-09 23:03:35 [[32minfo[39m] Started Your Application on Port 8080
2025-08-09 23:03:36 [[34mdebug[39m] Database connected successfully!
2025-08-10 11:38:17 [[32minfo[39m] Started Your Application on Port 8080
2025-08-10 11:38:17 [[34mdebug[39m] Database connected successfully!
2025-08-10 23:18:55 [[32minfo[39m] Started Your Application on Port 8080
2025-08-10 23:18:55 [[34mdebug[39m] Database connected successfully!
2025-08-11 00:27:12 [[32minfo[39m] EKQR Response
2025-08-11 00:27:12 [[31merror[39m] eKQR API Error:
2025-08-11 00:34:16 [[32minfo[39m] EKQR Response
2025-08-11 00:34:16 [[31merror[39m] eKQR API Error:
2025-08-11 00:34:21 [[32minfo[39m] EKQR Response
2025-08-11 00:34:21 [[31merror[39m] eKQR API Error:
2025-08-11 00:46:18 [[32minfo[39m] EKQR Response
2025-08-11 00:46:18 [[31merror[39m] eKQR API Error:
2025-08-11 00:48:35 [[32minfo[39m] EKQR Response
2025-08-11 00:48:35 [[31merror[39m] eKQR API Error:
2025-08-11 00:48:48 [[32minfo[39m] EKQR Response
2025-08-11 00:48:48 [[31merror[39m] eKQR API Error:
2025-08-11 00:48:49 [[32minfo[39m] EKQR Response
2025-08-11 00:48:49 [[31merror[39m] eKQR API Error:
2025-08-11 00:49:57 [[32minfo[39m] EKQR Response
2025-08-11 00:49:57 [[31merror[39m] eKQR API Error:
2025-08-11 00:58:51 [[32minfo[39m] EKQR Response
2025-08-11 00:58:51 [[31merror[39m] eKQR API Error:
2025-08-11 01:03:32 [[32minfo[39m] Started Your Application on Port 8080
2025-08-11 01:03:32 [[34mdebug[39m] Database connected successfully!
2025-08-12 10:29:25 [[32minfo[39m] Started Your Application on Port 8080
2025-08-12 10:29:36 [[34mdebug[39m] Error connecting to MongoDB (Attempt 1): Error: querySrv ENOTFOUND _mongodb._tcp.pehchankaro.6nfhisz.mongodb.net
2025-08-12 10:29:39 [[34mdebug[39m] Database connected successfully!
2025-08-12 13:54:45 [[32minfo[39m] Started Your Application on Port 8080
2025-08-12 13:55:15 [[34mdebug[39m] Error connecting to MongoDB (Attempt 1): MongooseServerSelectionError: Could not connect to any servers in your MongoDB Atlas cluster. One common reason is that you're trying to access the database from an IP that isn't whitelisted. Make sure your current IP address is on your Atlas cluster's IP whitelist: https://www.mongodb.com/docs/atlas/security-whitelist/
2025-08-12 13:55:47 [[34mdebug[39m] Error connecting to MongoDB (Attempt 2): MongooseServerSelectionError: Could not connect to any servers in your MongoDB Atlas cluster. One common reason is that you're trying to access the database from an IP that isn't whitelisted. Make sure your current IP address is on your Atlas cluster's IP whitelist: https://www.mongodb.com/docs/atlas/security-whitelist/
2025-08-12 13:56:21 [[34mdebug[39m] Error connecting to MongoDB (Attempt 3): MongooseServerSelectionError: Could not connect to any servers in your MongoDB Atlas cluster. One common reason is that you're trying to access the database from an IP that isn't whitelisted. Make sure your current IP address is on your Atlas cluster's IP whitelist: https://www.mongodb.com/docs/atlas/security-whitelist/
2025-08-12 13:56:52 [[34mdebug[39m] Database connected successfully!
2025-08-14 12:32:35 [[32minfo[39m] Started Your Application on Port 8080
2025-08-14 12:32:36 [[34mdebug[39m] Database connected successfully!
2025-08-14 12:42:38 [[32minfo[39m] Started Your Application on Port 8080
2025-08-14 12:42:38 [[34mdebug[39m] Database connected successfully!
2025-08-14 12:46:56 [[32minfo[39m] Started Your Application on Port 8080
2025-08-14 12:46:56 [[34mdebug[39m] Database connected successfully!
2025-08-14 12:55:47 [[32minfo[39m] Started Your Application on Port 8080
2025-08-14 12:55:48 [[34mdebug[39m] Database connected successfully!
2025-08-14 12:56:11 [[32minfo[39m] Started Your Application on Port 8080
2025-08-14 12:56:11 [[34mdebug[39m] Database connected successfully!
2025-08-14 22:24:20 [[32minfo[39m] Started Your Application on Port 8080
2025-08-14 22:24:20 [[34mdebug[39m] Database connected successfully!
2025-08-15 11:31:56 [[32minfo[39m] Started Your Application on Port 8080
2025-08-15 11:31:57 [[34mdebug[39m] Database connected successfully!
2025-08-15 11:40:24 [[32minfo[39m] Started Your Application on Port 8080
2025-08-15 11:40:24 [[34mdebug[39m] Database connected successfully!
2025-08-15 12:58:06 [[32minfo[39m] Started Your Application on Port 8080
2025-08-15 12:58:06 [[34mdebug[39m] Database connected successfully!
2025-08-15 12:58:41 [[32minfo[39m] Started Your Application on Port 8080
2025-08-15 12:58:42 [[34mdebug[39m] Database connected successfully!
2025-08-15 13:00:09 [[32minfo[39m] Started Your Application on Port 8080
2025-08-15 13:00:09 [[34mdebug[39m] Database connected successfully!
2025-08-15 13:01:00 [[32minfo[39m] Started Your Application on Port 8080
2025-08-15 13:01:00 [[34mdebug[39m] Database connected successfully!
2025-08-15 13:03:10 [[32minfo[39m] Started Your Application on Port 8080
2025-08-15 13:03:11 [[34mdebug[39m] Database connected successfully!
2025-08-15 13:05:52 [[32minfo[39m] Started Your Application on Port 8080
2025-08-15 13:05:55 [[34mdebug[39m] Database connected successfully!
2025-08-15 13:10:28 [[32minfo[39m] Started Your Application on Port 8080
2025-08-15 13:10:28 [[34mdebug[39m] Database connected successfully!
2025-08-15 13:13:49 [[32minfo[39m] Started Your Application on Port 8080
2025-08-15 13:13:49 [[34mdebug[39m] Database connected successfully!
2025-08-15 13:16:24 [[32minfo[39m] Started Your Application on Port 8080
2025-08-15 13:16:25 [[34mdebug[39m] Database connected successfully!
2025-08-15 13:17:10 [[32minfo[39m] Started Your Application on Port 8080
2025-08-15 13:17:10 [[34mdebug[39m] Database connected successfully!
2025-08-15 13:17:22 [[32minfo[39m] Started Your Application on Port 8080
2025-08-15 13:17:23 [[34mdebug[39m] Database connected successfully!
2025-08-15 13:17:51 [[32minfo[39m] Started Your Application on Port 8080
2025-08-15 13:17:52 [[34mdebug[39m] Database connected successfully!
2025-08-15 13:19:32 [[32minfo[39m] Started Your Application on Port 8080
2025-08-15 13:19:33 [[34mdebug[39m] Database connected successfully!
2025-08-15 13:36:26 [[32minfo[39m] Started Your Application on Port 8080
2025-08-15 13:36:27 [[34mdebug[39m] Database connected successfully!
2025-08-15 13:37:27 [[32minfo[39m] Started Your Application on Port 8080
2025-08-15 13:37:28 [[34mdebug[39m] Database connected successfully!
2025-08-15 13:46:27 [[32minfo[39m] Started Your Application on Port 8080
2025-08-15 13:46:27 [[34mdebug[39m] Database connected successfully!
2025-08-15 14:03:53 [[32minfo[39m] Started Your Application on Port 8080
2025-08-15 14:03:54 [[34mdebug[39m] Database connected successfully!
2025-08-15 14:04:13 [[32minfo[39m] Started Your Application on Port 8080
2025-08-15 14:04:14 [[34mdebug[39m] Database connected successfully!
2025-08-15 14:05:19 [[32minfo[39m] Started Your Application on Port 8080
2025-08-15 14:05:20 [[34mdebug[39m] Database connected successfully!
2025-08-15 14:05:35 [[32minfo[39m] Started Your Application on Port 8080
2025-08-15 14:05:36 [[34mdebug[39m] Database connected successfully!
2025-08-15 14:05:45 [[32minfo[39m] Started Your Application on Port 8080
2025-08-15 14:05:46 [[34mdebug[39m] Database connected successfully!
2025-08-15 14:14:18 [[32minfo[39m] Started Your Application on Port 8080
2025-08-15 14:14:18 [[32minfo[39m] Started Your Application on Port 8080
2025-08-15 14:14:18 [[34mdebug[39m] Database connected successfully!
2025-08-15 14:14:18 [[34mdebug[39m] Database connected successfully!
2025-08-15 14:14:39 [[32minfo[39m] Started Your Application on Port 8080
2025-08-15 14:14:39 [[32minfo[39m] Started Your Application on Port 8080
2025-08-15 14:14:40 [[34mdebug[39m] Database connected successfully!
2025-08-15 14:14:40 [[34mdebug[39m] Database connected successfully!
2025-08-15 14:33:17 [[32minfo[39m] Started Your Application on Port 8080
2025-08-15 14:33:17 [[32minfo[39m] Started Your Application on Port 8080
2025-08-15 14:33:18 [[34mdebug[39m] Database connected successfully!
2025-08-15 14:33:18 [[34mdebug[39m] Database connected successfully!
2025-08-15 14:34:02 [[32minfo[39m] Started Your Application on Port 8080
2025-08-15 14:34:03 [[34mdebug[39m] Database connected successfully!
2025-08-15 14:38:36 [[32minfo[39m] Started Your Application on Port 8080
2025-08-15 14:38:36 [[34mdebug[39m] Database connected successfully!
2025-08-15 14:44:49 [[32minfo[39m] Started Your Application on Port 8080
2025-08-15 14:44:50 [[34mdebug[39m] Database connected successfully!
2025-08-15 14:47:56 [[32minfo[39m] Started Your Application on Port 8080
2025-08-15 14:47:57 [[34mdebug[39m] Database connected successfully!
2025-08-15 14:48:28 [[32minfo[39m] Started Your Application on Port 8080
2025-08-15 14:48:28 [[34mdebug[39m] Database connected successfully!
2025-08-15 14:55:04 [[32minfo[39m] Started Your Application on Port 8080
2025-08-15 14:55:05 [[34mdebug[39m] Database connected successfully!
2025-08-15 15:22:46 [[32minfo[39m] Started Your Application on Port 8080
2025-08-15 15:22:47 [[34mdebug[39m] Database connected successfully!
2025-08-15 15:27:23 [[32minfo[39m] Started Your Application on Port 8080
2025-08-15 15:27:24 [[34mdebug[39m] Database connected successfully!
2025-08-15 15:40:00 [[32minfo[39m] Started Your Application on Port 8080
2025-08-15 15:40:01 [[34mdebug[39m] Database connected successfully!
2025-08-15 23:40:46 [[32minfo[39m] Started Your Application on Port 8080
2025-08-15 23:40:47 [[34mdebug[39m] Database connected successfully!
2025-08-15 23:41:41 [[32minfo[39m] Started Your Application on Port 8080
2025-08-15 23:41:41 [[34mdebug[39m] Database connected successfully!
2025-08-16 00:04:51 [[32minfo[39m] Started Your Application on Port 8080
2025-08-16 00:04:52 [[34mdebug[39m] Database connected successfully!
2025-08-16 00:07:56 [[32minfo[39m] Started Your Application on Port 8080
2025-08-16 00:07:56 [[34mdebug[39m] Database connected successfully!
2025-08-16 00:21:16 [[32minfo[39m] Started Your Application on Port 8080
2025-08-16 00:21:17 [[34mdebug[39m] Database connected successfully!
2025-08-16 00:21:28 [[32minfo[39m] Started Your Application on Port 8080
2025-08-16 00:21:29 [[34mdebug[39m] Database connected successfully!
2025-08-16 00:22:52 [[32minfo[39m] Started Your Application on Port 8080
2025-08-16 00:22:53 [[34mdebug[39m] Database connected successfully!
2025-08-16 00:25:42 [[32minfo[39m] Started Your Application on Port 8080
2025-08-16 00:25:42 [[34mdebug[39m] Database connected successfully!
2025-08-16 01:01:27 [[32minfo[39m] Started Your Application on Port 8080
2025-08-16 01:01:28 [[34mdebug[39m] Database connected successfully!
